This is e-upTeX, Version 3.141592653-p4.1.0-u1.29-230214-2.6 (utf8.uptex) (TeX Live 2023) (preloaded format=uplatex 2023.11.18)  30 JAN 2024 10:26
entering extended mode
 restricted \write18 enabled.
 %&-line parsing enabled.
**/Users/horikoshiissei/work/LaTex/ihorikos/Thesis/bachelor/texfiles/main
(/Users/horikoshiissei/work/LaTex/ihorikos/Thesis/bachelor/texfiles/main.tex
pLaTeX2e <2023-02-14u04>+1, based on
LaTeX2e <2023-11-01>
L3 programming layer <2023-11-09>
(/usr/local/texlive/2023/texmf-dist/tex/platex/jsclasses/jsbook.cls
Document Class: jsbook 2023/02/23 jsclasses (okumura, texjporg)
\jsc@mpt=\dimen156
\jsc@mmm=\dimen157
\jsc@smallskipamount=\skip48
LaTeX Info: Redefining \textmc on input line 516.
LaTeX Info: Redefining \textgt on input line 518.
\symmincho=\mathgroup4
LaTeX Font Info:    Overwriting symbol font `mincho' in version `bold'
(Font)                  JY2/mc/m/n --> JY2/gt/m/n on input line 580.
LaTeX Font Info:    Font shape `JT2/mc/m/n' will be
(Font)              scaled to size 9.24683pt on input line 774.
LaTeX Font Info:    Font shape `JY2/mc/m/n' will be
(Font)              scaled to size 9.24683pt on input line 774.
\fullwidth=\dimen158
LaTeX Font Info:    Font shape `JT2/mc/m/n' will be
(Font)              scaled to size 7.39746pt on input line 935.
LaTeX Font Info:    Font shape `JY2/mc/m/n' will be
(Font)              scaled to size 7.39746pt on input line 935.
\c@part=\count185
\c@chapter=\count186
\c@section=\count187
\c@subsection=\count188
\c@subsubsection=\count189
\c@paragraph=\count190
\c@subparagraph=\count191
\c@figure=\count192
\c@table=\count193
\abovecaptionskip=\skip49
\belowcaptionskip=\skip50
\jsc@tocl@width=\dimen159
\@lnumwidth=\dimen160
\bibindent=\dimen161
(/usr/local/texlive/2023/texmf-dist/tex/platex/jsclasses/jslogo.sty
Package: jslogo 2019/07/25 okumura, texjporg
LaTeX Info: Redefining \TeX on input line 82.
LaTeX Info: Redefining \LaTeX on input line 135.
LaTeX Info: Redefining \LaTeXe on input line 188.
)
\heisei=\count194
) (./preamble.tex (/usr/local/texlive/2023/texmf-dist/tex/latex/amsmath/amsmath.sty
Package: amsmath 2023/05/13 v2.17o AMS math features
\@mathmargin=\skip51

For additional information on amsmath, use the `?' option.
(/usr/local/texlive/2023/texmf-dist/tex/latex/amsmath/amstext.sty
Package: amstext 2021/08/26 v2.01 AMS text
 (/usr/local/texlive/2023/texmf-dist/tex/latex/amsmath/amsgen.sty
File: amsgen.sty 1999/11/30 v2.0 generic functions
\@emptytoks=\toks18
\ex@=\dimen162
)) (/usr/local/texlive/2023/texmf-dist/tex/latex/amsmath/amsbsy.sty
Package: amsbsy 1999/11/29 v1.2d Bold Symbols
\pmbraise@=\dimen163
) (/usr/local/texlive/2023/texmf-dist/tex/latex/amsmath/amsopn.sty
Package: amsopn 2022/04/08 v2.04 operator names
)
\inf@bad=\count195
LaTeX Info: Redefining \frac on input line 234.
\uproot@=\count196
\leftroot@=\count197
LaTeX Info: Redefining \overline on input line 399.
LaTeX Info: Redefining \colon on input line 410.
\classnum@=\count198
\DOTSCASE@=\count199
LaTeX Info: Redefining \ldots on input line 496.
LaTeX Info: Redefining \dots on input line 499.
LaTeX Info: Redefining \cdots on input line 620.
\Mathstrutbox@=\box68
\strutbox@=\box69
LaTeX Info: Redefining \big on input line 722.
LaTeX Info: Redefining \Big on input line 723.
LaTeX Info: Redefining \bigg on input line 724.
LaTeX Info: Redefining \Bigg on input line 725.
\big@size=\dimen164
LaTeX Font Info:    Redeclaring font encoding OML on input line 743.
LaTeX Font Info:    Redeclaring font encoding OMS on input line 744.
\macc@depth=\count266
LaTeX Info: Redefining \bmod on input line 905.
LaTeX Info: Redefining \pmod on input line 910.
LaTeX Info: Redefining \smash on input line 940.
LaTeX Info: Redefining \relbar on input line 970.
LaTeX Info: Redefining \Relbar on input line 971.
\c@MaxMatrixCols=\count267
\dotsspace@=\muskip16
\c@parentequation=\count268
\dspbrk@lvl=\count269
\tag@help=\toks19
\row@=\count270
\column@=\count271
\maxfields@=\count272
\andhelp@=\toks20
\eqnshift@=\dimen165
\alignsep@=\dimen166
\tagshift@=\dimen167
\tagwidth@=\dimen168
\totwidth@=\dimen169
\lineht@=\dimen170
\@envbody=\toks21
\multlinegap=\skip52
\multlinetaggap=\skip53
\mathdisplay@stack=\toks22
LaTeX Info: Redefining \[ on input line 2953.
LaTeX Info: Redefining \] on input line 2954.
) (/usr/local/texlive/2023/texmf-dist/tex/latex/amsfonts/amssymb.sty
Package: amssymb 2013/01/14 v3.01 AMS font symbols
 (/usr/local/texlive/2023/texmf-dist/tex/latex/amsfonts/amsfonts.sty
Package: amsfonts 2013/01/14 v3.01 Basic AMSFonts support
\symAMSa=\mathgroup5
\symAMSb=\mathgroup6
LaTeX Font Info:    Redeclaring math symbol \hbar on input line 98.
LaTeX Font Info:    Overwriting math alphabet `\mathfrak' in version `bold'
(Font)                  U/euf/m/n --> U/euf/b/n on input line 106.
)) (/usr/local/texlive/2023/texmf-dist/tex/latex/mathtools/mathtools.sty
Package: mathtools 2022/06/29 v1.29 mathematical typesetting tools
 (/usr/local/texlive/2023/texmf-dist/tex/latex/graphics/keyval.sty
Package: keyval 2022/05/29 v1.15 key=value parser (DPC)
\KV@toks@=\toks23
) (/usr/local/texlive/2023/texmf-dist/tex/latex/tools/calc.sty
Package: calc 2023/07/08 v4.3 Infix arithmetic (KKT,FJ)
\calc@Acount=\count273
\calc@Bcount=\count274
\calc@Adimen=\dimen171
\calc@Bdimen=\dimen172
\calc@Askip=\skip54
\calc@Bskip=\skip55
LaTeX Info: Redefining \setlength on input line 80.
LaTeX Info: Redefining \addtolength on input line 81.
\calc@Ccount=\count275
\calc@Cskip=\skip56
) (/usr/local/texlive/2023/texmf-dist/tex/latex/mathtools/mhsetup.sty
Package: mhsetup 2021/03/18 v1.4 programming setup (MH)
)
\g_MT_multlinerow_int=\count276
\l_MT_multwidth_dim=\dimen173
\origjot=\skip57
\l_MT_shortvdotswithinadjustabove_dim=\dimen174
\l_MT_shortvdotswithinadjustbelow_dim=\dimen175
\l_MT_above_intertext_sep=\dimen176
\l_MT_below_intertext_sep=\dimen177
\l_MT_above_shortintertext_sep=\dimen178
\l_MT_below_shortintertext_sep=\dimen179
\xmathstrut@box=\box70
\xmathstrut@dim=\dimen180
) (/usr/local/texlive/2023/texmf-dist/tex/latex/physics/physics.sty
Package: physics 
 (/usr/local/texlive/2023/texmf-dist/tex/latex/l3packages/xparse/xparse.sty (/usr/local/texlive/2023/texmf-dist/tex/latex/l3kernel/expl3.sty
Package: expl3 2023-11-09 L3 programming layer (loader) 
 (/usr/local/texlive/2023/texmf-dist/tex/latex/l3backend/l3backend-dvips.def
File: l3backend-dvips.def 2023-11-09 L3 backend support: dvips
\l__pdf_internal_box=\box71
\g__pdf_backend_object_int=\count277
\l__pdf_backend_content_box=\box72
\l__pdf_backend_model_box=\box73
\g__pdf_backend_annotation_int=\count278
\g__pdf_backend_link_int=\count279
\g__pdf_backend_link_sf_int=\count280
))
Package: xparse 2023-10-10 L3 Experimental document command parser
)) (/usr/local/texlive/2023/texmf-dist/tex/latex/siunitx/siunitx.sty
Package: siunitx 2023-11-14 v3.3.9 A comprehensive (SI) units package
\l__siunitx_number_uncert_offset_int=\count281
\l__siunitx_number_exponent_fixed_int=\count282
\l__siunitx_number_min_decimal_int=\count283
\l__siunitx_number_min_integer_int=\count284
\l__siunitx_number_round_precision_int=\count285
\l__siunitx_number_lower_threshold_int=\count286
\l__siunitx_number_upper_threshold_int=\count287
\l__siunitx_number_group_first_int=\count288
\l__siunitx_number_group_size_int=\count289
\l__siunitx_number_group_minimum_int=\count290
\l__siunitx_angle_tmp_dim=\dimen181
\l__siunitx_angle_marker_box=\box74
\l__siunitx_angle_unit_box=\box75
\l__siunitx_compound_count_int=\count291
 (/usr/local/texlive/2023/texmf-dist/tex/latex/translations/translations.sty
Package: translations 2022/02/05 v1.12 internationalization of LaTeX2e packages (CN)
 (/usr/local/texlive/2023/texmf-dist/tex/latex/etoolbox/etoolbox.sty
Package: etoolbox 2020/10/05 v2.5k e-TeX tools for LaTeX (JAW)
\etb@tempcnta=\count292
) (/usr/local/texlive/2023/texmf-dist/tex/generic/pdftexcmds/pdftexcmds.sty
Package: pdftexcmds 2020-06-27 v0.33 Utility functions of pdfTeX for LuaTeX (HO)
 (/usr/local/texlive/2023/texmf-dist/tex/generic/infwarerr/infwarerr.sty
Package: infwarerr 2019/12/03 v1.5 Providing info/warning/error messages (HO)
) (/usr/local/texlive/2023/texmf-dist/tex/generic/iftex/iftex.sty
Package: iftex 2022/02/03 v1.0f TeX engine tests
) (/usr/local/texlive/2023/texmf-dist/tex/generic/ltxcmds/ltxcmds.sty
Package: ltxcmds 2020-05-10 v1.25 LaTeX kernel commands for general use (HO)
)
Package pdftexcmds Info: \pdf@primitive is available.
Package pdftexcmds Info: \pdf@ifprimitive is available.
Package pdftexcmds Info: \pdfdraftmode not found.
))
\l__siunitx_table_tmp_box=\box76
\l__siunitx_table_tmp_dim=\dimen182
\l__siunitx_table_column_width_dim=\dimen183
\l__siunitx_table_integer_box=\box77
\l__siunitx_table_decimal_box=\box78
\l__siunitx_table_uncert_box=\box79
\l__siunitx_table_before_box=\box80
\l__siunitx_table_after_box=\box81
\l__siunitx_table_before_dim=\dimen184
\l__siunitx_table_carry_dim=\dimen185
\l__siunitx_unit_tmp_int=\count293
\l__siunitx_unit_position_int=\count294
\l__siunitx_unit_total_int=\count295

Package siunitx Info: Option "separate-uncertainty" has been deprecated in
(siunitx)             this release.
(siunitx)             
(siunitx)             Use "uncertainty-mode = separate" as a replacement.

 (/usr/local/texlive/2023/texmf-dist/tex/latex/tools/array.sty
Package: array 2023/10/16 v2.5g Tabular extension package (FMi)
\col@sep=\dimen186
\ar@mcellbox=\box82
\extrarowheight=\dimen187
\NC@list=\toks24
\extratabsurround=\skip58
\backup@length=\skip59
\ar@cellbox=\box83
)) (/usr/local/texlive/2023/texmf-dist/tex/latex/graphics/graphicx.sty
Package: graphicx 2021/09/16 v1.2d Enhanced LaTeX Graphics (DPC,SPQR)
 (/usr/local/texlive/2023/texmf-dist/tex/latex/graphics/graphics.sty
Package: graphics 2022/03/10 v1.4e Standard LaTeX Graphics (DPC,SPQR)
 (/usr/local/texlive/2023/texmf-dist/tex/latex/graphics/trig.sty
Package: trig 2021/08/11 v1.11 sin cos tan (DPC)
) (/usr/local/texlive/2023/texmf-dist/tex/latex/graphics-cfg/graphics.cfg
File: graphics.cfg 2016/06/04 v1.11 sample graphics configuration
)
Package graphics Info: Driver file: dvipdfmx.def on input line 107.
 (/usr/local/texlive/2023/texmf-dist/tex/latex/graphics-def/dvipdfmx.def
File: dvipdfmx.def 2022/09/22 v5.0m Graphics/color driver for dvipdfmx
))
\Gin@req@height=\dimen188
\Gin@req@width=\dimen189
) (/usr/local/texlive/2023/texmf-dist/tex/latex/graphics/color.sty
Package: color 2022/01/06 v1.3d Standard LaTeX Color (DPC)
 (/usr/local/texlive/2023/texmf-dist/tex/latex/graphics-cfg/color.cfg
File: color.cfg 2016/01/02 v1.6 sample color configuration
)
Package color Info: Driver file: dvipdfmx.def on input line 149.
 (/usr/local/texlive/2023/texmf-dist/tex/latex/graphics/dvipsnam.def
File: dvipsnam.def 2016/06/17 v3.0m Driver-dependent file (DPC,SPQR)
) (/usr/local/texlive/2023/texmf-dist/tex/latex/graphics/mathcolor.ltx)) (/usr/local/texlive/2023/texmf-dist/tex/latex/geometry/geometry.sty
Package: geometry 2020/01/02 v5.9 Page Geometry
 (/usr/local/texlive/2023/texmf-dist/tex/generic/iftex/ifvtex.sty
Package: ifvtex 2019/10/25 v1.7 ifvtex legacy package. Use iftex instead.
)
\Gm@cnth=\count296
\Gm@cntv=\count297
\c@Gm@tempcnt=\count298
\Gm@bindingoffset=\dimen190
\Gm@wd@mp=\dimen191
\Gm@odd@mp=\dimen192
\Gm@even@mp=\dimen193
\Gm@layoutwidth=\dimen194
\Gm@layoutheight=\dimen195
\Gm@layouthoffset=\dimen196
\Gm@layoutvoffset=\dimen197
\Gm@dimlist=\toks25
) (/usr/local/texlive/2023/texmf-dist/tex/latex/url/url.sty
\Urlmuskip=\muskip17
Package: url 2013/09/16  ver 3.4  Verb mode for urls, etc.
) (/usr/local/texlive/2023/texmf-dist/tex/latex/here/here.sty) (/usr/local/texlive/2023/texmf-dist/tex/latex/float/float.sty
Package: float 2001/11/08 v1.3d Float enhancements (AL)
\c@float@type=\count299
\float@exts=\toks26
\float@box=\box84
\@float@everytoks=\toks27
\@floatcapt=\box85
) (/usr/local/texlive/2023/texmf-dist/tex/latex/hyperref/hyperref.sty
Package: hyperref 2023-11-09 v7.01f Hypertext links for LaTeX
 (/usr/local/texlive/2023/texmf-dist/tex/latex/kvsetkeys/kvsetkeys.sty
Package: kvsetkeys 2022-10-05 v1.19 Key value parser (HO)
) (/usr/local/texlive/2023/texmf-dist/tex/generic/kvdefinekeys/kvdefinekeys.sty
Package: kvdefinekeys 2019-12-19 v1.6 Define keys (HO)
) (/usr/local/texlive/2023/texmf-dist/tex/generic/pdfescape/pdfescape.sty
Package: pdfescape 2019/12/09 v1.15 Implements pdfTeX's escape features (HO)
) (/usr/local/texlive/2023/texmf-dist/tex/latex/hycolor/hycolor.sty
Package: hycolor 2020-01-27 v1.10 Color options for hyperref/bookmark (HO)
) (/usr/local/texlive/2023/texmf-dist/tex/latex/letltxmacro/letltxmacro.sty
Package: letltxmacro 2019/12/03 v1.6 Let assignment for LaTeX macros (HO)
) (/usr/local/texlive/2023/texmf-dist/tex/latex/auxhook/auxhook.sty
Package: auxhook 2019-12-17 v1.6 Hooks for auxiliary files (HO)
) (/usr/local/texlive/2023/texmf-dist/tex/latex/hyperref/nameref.sty
Package: nameref 2023-11-09 v2.55 Cross-referencing by name of section
 (/usr/local/texlive/2023/texmf-dist/tex/latex/refcount/refcount.sty
Package: refcount 2019/12/15 v3.6 Data extraction from label references (HO)
) (/usr/local/texlive/2023/texmf-dist/tex/generic/gettitlestring/gettitlestring.sty
Package: gettitlestring 2019/12/15 v1.6 Cleanup title references (HO)
 (/usr/local/texlive/2023/texmf-dist/tex/latex/kvoptions/kvoptions.sty
Package: kvoptions 2022-06-15 v3.15 Key value format for package options (HO)
))
\c@section@level=\count300
)
\@linkdim=\dimen198
\Hy@linkcounter=\count301
\Hy@pagecounter=\count302
 (/usr/local/texlive/2023/texmf-dist/tex/latex/hyperref/pd1enc.def
File: pd1enc.def 2023-11-09 v7.01f Hyperref: PDFDocEncoding definition (HO)
Now handling font encoding PD1 ...
... no UTF-8 mapping file for font encoding PD1
) (/usr/local/texlive/2023/texmf-dist/tex/generic/intcalc/intcalc.sty
Package: intcalc 2019/12/15 v1.3 Expandable calculations with integers (HO)
)
\Hy@SavedSpaceFactor=\count303
 (/usr/local/texlive/2023/texmf-dist/tex/latex/hyperref/puenc.def
File: puenc.def 2023-11-09 v7.01f Hyperref: PDF Unicode definition (HO)
Now handling font encoding PU ...
... no UTF-8 mapping file for font encoding PU
)
Package hyperref Info: Hyper figures OFF on input line 4171.
Package hyperref Info: Link nesting OFF on input line 4176.
Package hyperref Info: Hyper index ON on input line 4179.
Package hyperref Info: Plain pages OFF on input line 4186.
Package hyperref Info: Backreferencing OFF on input line 4191.
Package hyperref Info: Implicit mode ON; LaTeX internals redefined.
Package hyperref Info: Bookmarks ON on input line 4438.
\c@Hy@tempcnt=\count304
LaTeX Info: Redefining \url on input line 4776.
\XeTeXLinkMargin=\dimen199
 (/usr/local/texlive/2023/texmf-dist/tex/generic/bitset/bitset.sty
Package: bitset 2019/12/09 v1.3 Handle bit-vector datatype (HO)
 (/usr/local/texlive/2023/texmf-dist/tex/generic/bigintcalc/bigintcalc.sty
Package: bigintcalc 2019/12/15 v1.5 Expandable calculations on big integers (HO)
))
\Fld@menulength=\count305
\Field@Width=\dimen256
\Fld@charsize=\dimen257
Package hyperref Info: Hyper figures OFF on input line 6055.
Package hyperref Info: Link nesting OFF on input line 6060.
Package hyperref Info: Hyper index ON on input line 6063.
Package hyperref Info: backreferencing OFF on input line 6070.
Package hyperref Info: Link coloring OFF on input line 6075.
Package hyperref Info: Link coloring with OCG OFF on input line 6080.
Package hyperref Info: PDF/A mode OFF on input line 6085.
 (/usr/local/texlive/2023/texmf-dist/tex/latex/base/atbegshi-ltx.sty
Package: atbegshi-ltx 2021/01/10 v1.0c Emulation of the original atbegshi
package with kernel methods
)
\Hy@abspage=\count306
\c@Item=\count307
\c@Hfootnote=\count308
)
Package hyperref Info: Driver (default): hdvips.
 (/usr/local/texlive/2023/texmf-dist/tex/latex/hyperref/hdvips.def
File: hdvips.def 2023-11-09 v7.01f Hyperref driver for dvips
 (/usr/local/texlive/2023/texmf-dist/tex/latex/hyperref/pdfmark.def
File: pdfmark.def 2023-11-09 v7.01f Hyperref definitions for pdfmark specials
\pdf@docset=\toks28
\pdf@box=\box86
\pdf@toks=\toks29
\pdf@defaulttoks=\toks30
\HyField@AnnotCount=\count309
\Fld@listcount=\count310
\c@bookmark@seq@number=\count311
 (/usr/local/texlive/2023/texmf-dist/tex/latex/rerunfilecheck/rerunfilecheck.sty
Package: rerunfilecheck 2022-07-10 v1.10 Rerun checks for auxiliary files (HO)
 (/usr/local/texlive/2023/texmf-dist/tex/latex/base/atveryend-ltx.sty
Package: atveryend-ltx 2020/08/19 v1.0a Emulation of the original atveryend package
with kernel methods
) (/usr/local/texlive/2023/texmf-dist/tex/generic/uniquecounter/uniquecounter.sty
Package: uniquecounter 2019/12/15 v1.4 Provide unlimited unique counter (HO)
)
Package uniquecounter Info: New unique counter `rerunfilecheck' on input line 285.
)
\Hy@SectionHShift=\skip60
)) (/usr/local/texlive/2023/texmf-dist/tex/latex/breakurl/breakurl.sty
Package: breakurl 2013/04/10 v1.40 Breakable hyperref URLs
 (/usr/local/texlive/2023/texmf-dist/tex/latex/xkeyval/xkeyval.sty
Package: xkeyval 2022/06/16 v2.9 package option processing (HA)
 (/usr/local/texlive/2023/texmf-dist/tex/generic/xkeyval/xkeyval.tex (/usr/local/texlive/2023/texmf-dist/tex/generic/xkeyval/xkvutils.tex
\XKV@toks=\toks31
\XKV@tempa@toks=\toks32
)
\XKV@depth=\count312
File: xkeyval.tex 2014/12/03 v2.7a key=value parser (HA)
)) (/usr/local/texlive/2023/texmf-dist/tex/generic/iftex/ifpdf.sty
Package: ifpdf 2019/10/25 v3.4 ifpdf legacy package. Use iftex instead.
)
\burl@toks=\toks33
) (/usr/local/texlive/2023/texmf-dist/tex/latex/caption/subcaption.sty
Package: subcaption 2023/07/28 v1.6b Sub-captions (AR)
 (/usr/local/texlive/2023/texmf-dist/tex/latex/caption/caption.sty
Package: caption 2023/08/05 v3.6o Customizing captions (AR)
 (/usr/local/texlive/2023/texmf-dist/tex/latex/caption/caption3.sty
Package: caption3 2023/07/31 v2.4d caption3 kernel (AR)
\caption@tempdima=\dimen258
\captionmargin=\dimen259
\caption@leftmargin=\dimen260
\caption@rightmargin=\dimen261
\caption@width=\dimen262
\caption@indent=\dimen263
\caption@parindent=\dimen264
\caption@hangindent=\dimen265
Package caption Info: Unknown document class (or package),
(caption)             standard defaults will be used.
Package caption Info: \@makecaption = \long macro:#1#2->{\small \advance \leftskip .0628\linewidth \advance \rightskip .0628\linewidth \vskip \abovecaptionskip \sbox \@tempboxa {#1\hskip 1zw\relax #2}\ifdim \wd \@tempboxa <\hsize \centering \fi #1{\hskip 1zw\relax }#2\par \vskip \belowcaptionskip } on input line 1175.
)

Package caption Warning: Unknown document class (or package),
(caption)                standard defaults will be used.
See the caption package documentation for explanation.

\c@caption@flags=\count313
\c@continuedfloat=\count314
Package caption Info: float package is loaded.
Package caption Info: hyperref package is loaded.
)
Package caption Info: New subtype `subfigure' on input line 238.
\c@subfigure=\count315
Package caption Info: New subtype `subtable' on input line 238.
\c@subtable=\count316
) (/usr/local/texlive/2023/texmf-dist/tex/latex/comment/comment.sty
\CommentStream=\write3
 Excluding comment 'comment'))
Package translations Info: No language package found. I am going to use `english' as default language. on input line 6.

No file main.aux.
\openout1 = `main.aux'.

LaTeX Font Info:    Checking defaults for OML/cmm/m/it on input line 6.
LaTeX Font Info:    ... okay on input line 6.
LaTeX Font Info:    Checking defaults for OMS/cmsy/m/n on input line 6.
LaTeX Font Info:    ... okay on input line 6.
LaTeX Font Info:    Checking defaults for OT1/cmr/m/n on input line 6.
LaTeX Font Info:    ... okay on input line 6.
LaTeX Font Info:    Checking defaults for T1/cmr/m/n on input line 6.
LaTeX Font Info:    ... okay on input line 6.
LaTeX Font Info:    Checking defaults for TS1/cmr/m/n on input line 6.
LaTeX Font Info:    ... okay on input line 6.
LaTeX Font Info:    Checking defaults for OMX/cmex/m/n on input line 6.
LaTeX Font Info:    ... okay on input line 6.
LaTeX Font Info:    Checking defaults for U/cmr/m/n on input line 6.
LaTeX Font Info:    ... okay on input line 6.
LaTeX Font Info:    Checking defaults for JY2/mc/m/n on input line 6.
LaTeX Font Info:    ... okay on input line 6.
LaTeX Font Info:    Checking defaults for JT2/mc/m/n on input line 6.
LaTeX Font Info:    ... okay on input line 6.
LaTeX Font Info:    Checking defaults for PD1/pdf/m/n on input line 6.
LaTeX Font Info:    ... okay on input line 6.
LaTeX Font Info:    Checking defaults for PU/pdf/m/n on input line 6.
LaTeX Font Info:    ... okay on input line 6.

Package siunitx Warning: Detected the "physics" package:
(siunitx)                omitting definition of \qty.
(siunitx)                
(siunitx)                If you want to use \qty with the siunitx definition,
(siunitx)                add 
(siunitx)                
(siunitx)                    \AtBeginDocument{\RenewCommandCopy\qty\SI}
(siunitx)                
(siunitx)                to your preamble.

(/usr/local/texlive/2023/texmf-dist/tex/latex/translations/translations-basic-dictionary-english.trsl
File: translations-basic-dictionary-english.trsl (english translation file `translations-basic-dictionary')
)
Package translations Info: loading dictionary `translations-basic-dictionary' for `english'. on input line 6.

*geometry* driver: auto-detecting
*geometry* detected driver: dvips
*geometry* verbose mode - [ preamble ] result:
* driver: dvips
* paper: <default>
* layout: <same size as paper>
* layoutoffset:(h,v)=(0.0pt,0.0pt)
* modes: twoside 
* h-part:(L,W,R)=(56.9055pt, 483.69687pt, 56.9055pt)
* v-part:(T,H,B)=(56.9055pt, 731.23584pt, 56.9055pt)
* \paperwidth=597.50787pt
* \paperheight=845.04684pt
* \textwidth=483.69687pt
* \textheight=731.23584pt
* \oddsidemargin=-15.36449pt
* \evensidemargin=-15.36449pt
* \topmargin=-49.6754pt
* \headheight=20.0pt
* \headsep=14.31091pt
* \topskip=12.76065pt
* \footskip=0.0pt
* \marginparwidth=120.20874pt
* \marginparsep=18.49365pt
* \columnsep=18.49365pt
* \skip\footins=16.0pt plus 5.0pt minus 2.0pt
* \hoffset=0.0pt
* \voffset=0.0pt
* \mag=1000
* \@twocolumnfalse
* \@twosidetrue
* \@mparswitchtrue
* \@reversemarginfalse
* (1in=72.27pt=25.4mm, 1cm=28.453pt)

Package hyperref Info: Link coloring OFF on input line 6.
\@outlinefile=\write4
\openout4 = `main.out'.


Package hyperref Warning: Rerun to get /PageLabels entry.

Package caption Info: Begin \AtBeginDocument code.
Package caption Info: End \AtBeginDocument code.
(./cover/cover.tex
LaTeX Font Info:    Font shape `JT2/mc/m/n' will be
(Font)              scaled to size 11.09619pt on input line 9.
LaTeX Font Info:    Font shape `JY2/mc/m/n' will be
(Font)              scaled to size 11.09619pt on input line 9.
LaTeX Font Info:    Font shape `JT2/mc/m/n' will be
(Font)              scaled to size 15.9785pt on input line 12.
LaTeX Font Info:    Font shape `JY2/mc/m/n' will be
(Font)              scaled to size 15.9785pt on input line 12.
LaTeX Font Info:    Trying to load font information for U+msa on input line 13.
 (/usr/local/texlive/2023/texmf-dist/tex/latex/amsfonts/umsa.fd
File: umsa.fd 2013/01/14 v3.01 AMS symbols A
)
LaTeX Font Info:    Trying to load font information for U+msb on input line 13.
 (/usr/local/texlive/2023/texmf-dist/tex/latex/amsfonts/umsb.fd
File: umsb.fd 2013/01/14 v3.01 AMS symbols B
)
LaTeX Font Info:    Font shape `JY2/mc/m/n' will be
(Font)              scaled to size 5.5481pt on input line 18.
 [1



]) [2] (./abstract/Abstract_org.tex
LaTeX Font Info:    Font shape `JT2/mc/m/n' will be
(Font)              scaled to size 13.31541pt on input line 2.
LaTeX Font Info:    Font shape `JY2/mc/m/n' will be
(Font)              scaled to size 13.31541pt on input line 2.
LaTeX Font Info:    Font shape `JT2/gt/m/n' will be
(Font)              scaled to size 11.09619pt on input line 17.
LaTeX Font Info:    Font shape `JY2/gt/m/n' will be
(Font)              scaled to size 11.09619pt on input line 17.
LaTeX Font Info:    Font shape `JY2/mc/m/n' will be
(Font)              scaled to size 6.47278pt on input line 26.
LaTeX Font Info:    Font shape `JY2/mc/m/n' will be
(Font)              scaled to size 4.62341pt on input line 26.
)
LaTeX Font Info:    Font shape `JT2/gt/m/n' will be
(Font)              scaled to size 9.24683pt on input line 20.
LaTeX Font Info:    Font shape `JY2/gt/m/n' will be
(Font)              scaled to size 9.24683pt on input line 20.
 [3] [4

]
LaTeX Font Info:    Font shape `JT2/mc/m/n' will be
(Font)              scaled to size 23.0061pt on input line 20.
LaTeX Font Info:    Font shape `JY2/mc/m/n' will be
(Font)              scaled to size 23.0061pt on input line 20.
LaTeX Font Info:    Font shape `JT2/gt/m/n' will be
(Font)              scaled to size 23.0061pt on input line 20.
LaTeX Font Info:    Font shape `JY2/gt/m/n' will be
(Font)              scaled to size 23.0061pt on input line 20.

No file main.toc.
\tf@toc=\write5
\openout5 = `main.toc'.

LaTeX Font Info:    Font shape `JT2/mc/bx/n' in size <10> not available
(Font)              Font shape `JT2/gt/m/n' tried instead on input line 21.
LaTeX Font Info:    Font shape `JT2/gt/m/n' will be
(Font)              scaled to size 9.24683pt on input line 21.
LaTeX Font Info:    Font shape `JY2/mc/bx/n' in size <10> not available
(Font)              Font shape `JY2/gt/m/n' tried instead on input line 21.
LaTeX Font Info:    Font shape `JY2/gt/m/n' will be
(Font)              scaled to size 9.24683pt on input line 21.
[5] [6

]
No file main.lof.
\tf@lof=\write6
\openout6 = `main.lof'.

[7] [8

]
No file main.lot.
\tf@lot=\write7
\openout7 = `main.lot'.

[9] [10

]
第1章
LaTeX Font Info:    Font shape `JT2/mc/m/n' will be
(Font)              scaled to size 19.17792pt on input line 27.
LaTeX Font Info:    Font shape `JY2/mc/m/n' will be
(Font)              scaled to size 19.17792pt on input line 27.
LaTeX Font Info:    Font shape `JT2/gt/m/n' will be
(Font)              scaled to size 19.17792pt on input line 27.
LaTeX Font Info:    Font shape `JY2/gt/m/n' will be
(Font)              scaled to size 19.17792pt on input line 27.
(./Chapter1/newpartical.tex
LaTeX Font Info:    Font shape `JT2/gt/m/n' will be
(Font)              scaled to size 13.31541pt on input line 1.
LaTeX Font Info:    Font shape `JY2/gt/m/n' will be
(Font)              scaled to size 13.31541pt on input line 1.
) (./Chapter1/large_colider.tex

LaTeX Warning: Reference `fg:LHC' on page 1 undefined on input line 8.

File: fig/ch1/LHC.jpg Graphic file (type bmp)
<fig/ch1/LHC.jpg>

LaTeX Warning: Citation `LHCphoto' on page 1 undefined on input line 25.


LaTeX Warning: Citation `LHCphoto' on page 1 undefined on input line 25.


LaTeX Warning: `h' float specifier changed to `ht'.

) (./Chapter1/inter_track_detector.tex [1

]
File: fig/ch1/HL-LHC_simulation.jpeg Graphic file (type bmp)
<fig/ch1/HL-LHC_simulation.jpeg>


LaTeX Warning: Citation `HL-LHCsimulation' on page 2 undefined on input line 11.


LaTeX Warning: Citation `HL-LHCsimulation' on page 2 undefined on input line 11.


LaTeX Warning: Reference `fg:HL-LHCsimulation' on page 2 undefined on input line 19.


LaTeX Warning: Citation `HL-LHCsimulation' on page 2 undefined on input line 19.

[2]

LaTeX Warning: Reference `fg:4DTracking' on page 3 undefined on input line 30.

File: fig/ch1/4DTracking_new.png Graphic file (type bmp)
<fig/ch1/4DTracking_new.png>

LaTeX Warning: Reference `fg:4Dtrack_ATLAS' on page 3 undefined on input line 42.


LaTeX Warning: Citation `ATL-PHYS-PUB-2023-023' on page 3 undefined on input line 42.

File: fig/ch1/ATLAS_3Dtrack.pdf Graphic file (type pdf)
<fig/ch1/ATLAS_3Dtrack.pdf>
LaTeX Font Info:    Font shape `JT2/mc/m/n' will be
(Font)              scaled to size 8.32214pt on input line 52.
LaTeX Font Info:    Font shape `JY2/mc/m/n' will be
(Font)              scaled to size 8.32214pt on input line 52.
File: fig/ch1/ATLAS_4Dtrack.pdf Graphic file (type pdf)
<fig/ch1/ATLAS_4Dtrack.pdf>

Overfull \hbox (2.22221pt too wide) in paragraph at lines 49--61
[][] [] 
 []


LaTeX Warning: Citation `ATL-PHYS-PUB-2023-023' on page 3 undefined on input line 61.


LaTeX Warning: Citation `ATL-PHYS-PUB-2023-023' on page 3 undefined on input line 61.

) [3] [4

]
第2章
(./Chapter2/pn.tex

Package hyperref Warning: Token not allowed in a PDF string (Unicode):
(hyperref)                removing `math shift' on input line 2.


Package hyperref Warning: Token not allowed in a PDF string (Unicode):
(hyperref)                removing `math shift' on input line 2.


LaTeX Warning: Reference `fg:pn' on page 5 undefined on input line 4.


LaTeX Warning: Reference `eq:bulk' on page 5 undefined on input line 11.


LaTeX Warning: Citation `sze2012semiconductor' on page 5 undefined on input line 11.

File: fig/ch2/pn.jpg Graphic file (type bmp)
<fig/ch2/pn.jpg>

LaTeX Warning: Citation `sze2012semiconductor' on page 5 undefined on input line 20.


LaTeX Warning: Citation `sze2012semiconductor' on page 5 undefined on input line 20.


LaTeX Warning: Reference `fg:pn_bias' on page 5 undefined on input line 24.


LaTeX Warning: Reference `fg:pn_bias' on page 5 undefined on input line 28.


LaTeX Warning: Reference `eq:bulk' on page 5 undefined on input line 29.


LaTeX Warning: Reference `fg:pn_bias' on page 5 undefined on input line 33.


LaTeX Warning: Reference `eq:bulk' on page 5 undefined on input line 34.

[5]
File: fig/ch2/pn_bias.jpg Graphic file (type bmp)
<fig/ch2/pn_bias.jpg>


LaTeX Warning: Citation `sze2012semiconductor' on page 6 undefined on input line 40.


LaTeX Warning: Citation `sze2012semiconductor' on page 6 undefined on input line 40.


LaTeX Warning: Reference `fg:IV' on page 6 undefined on input line 46.

File: fig/ch2/IV.jpg Graphic file (type bmp)
<fig/ch2/IV.jpg>

LaTeX Warning: Citation `sze2012semiconductor' on page 6 undefined on input line 55.


LaTeX Warning: Citation `sze2012semiconductor' on page 6 undefined on input line 55.

) (./Chapter2/avalance.tex

LaTeX Warning: Reference `fg:avalance' on page 6 undefined on input line 2.


LaTeX Warning: Reference `fg:avalance' on page 6 undefined on input line 3.

[6]
File: fig/ch3/avalance.jpeg Graphic file (type bmp)
<fig/ch3/avalance.jpeg>


LaTeX Warning: Citation `sze2012semiconductor' on page 7 undefined on input line 11.


LaTeX Warning: Citation `sze2012semiconductor' on page 7 undefined on input line 11.

) (./Chapter2/drift.tex

LaTeX Warning: Reference `fg:drift' on page 7 undefined on input line 3.

File: fig/ch3/drift.jpg Graphic file (type bmp)
<fig/ch3/drift.jpg>

LaTeX Warning: Citation `sze2012semiconductor' on page 7 undefined on input line 13.


LaTeX Warning: Citation `sze2012semiconductor' on page 7 undefined on input line 13.

) (./Chapter3/AC-LGAD.tex

LaTeX Warning: Reference `fg:LGAD' on page 7 undefined on input line 4.

[7]
File: fig/ch1/LGAD.png Graphic file (type bmp)
<fig/ch1/LGAD.png>


LaTeX Warning: Reference `fg:DC-LGAD' on page 8 undefined on input line 22.


LaTeX Warning: Reference `fg:AC-LGAD' on page 8 undefined on input line 24.

File: fig/ch3/DC-LGAD.png Graphic file (type bmp)
<fig/ch3/DC-LGAD.png>
File: fig/ch3/AC-LGAD.png Graphic file (type bmp)
<fig/ch3/AC-LGAD.png>

Overfull \hbox (2.22221pt too wide) in paragraph at lines 26--38
[][] [] 
 []


LaTeX Warning: Citation `kita2023development' on page 8 undefined on input line 41.


LaTeX Warning: `h' float specifier changed to `ht'.

) (./Chapter3/Timeing_reso.tex

LaTeX Warning: Reference `eq_TimingResolution' on page 8 undefined on input line 5.


LaTeX Warning: Reference `fg:TimeWalk' on page 8 undefined on input line 12.


LaTeX Warning: Reference `fg:TimeWalk' on page 8 undefined on input line 14.


LaTeX Warning: Reference `fg:TimeWalk_50' on page 8 undefined on input line 15.

[8]
File: fig/ch3/TimeWalk.png Graphic file (type bmp)
<fig/ch3/TimeWalk.png>
File: fig/ch3/TimeWalk_50.png Graphic file (type bmp)
<fig/ch3/TimeWalk_50.png>

Overfull \hbox (2.22221pt too wide) in paragraph at lines 19--31
[][] [] 
 []


LaTeX Warning: Reference `fg:Jitter' on page 9 undefined on input line 36.


LaTeX Warning: Reference `eq_Jitter_1' on page 9 undefined on input line 37.


LaTeX Warning: Reference `eq_Jitter_2' on page 9 undefined on input line 50.

[9]
File: fig/ch3/Jitter.png Graphic file (type bmp)
<fig/ch3/Jitter.png>


LaTeX Warning: Reference `fg:Landaunoise' on page 10 undefined on input line 63.

File: fig/ch3/Landaunoise.png Graphic file (type bmp)
<fig/ch3/Landaunoise.png>
) (./Chapter3/MultiplicationNoise.tex

LaTeX Warning: Reference `eq:current_Multiplication_Noise' on page 10 undefined on input line 4.


LaTeX Warning: Citation `1363388845924852224' on page 10 undefined on input line 4.

[10]

LaTeX Warning: Reference `eq:Multiplication_Noise' on page 11 undefined on input line 12.


LaTeX Warning: Citation `1363388845924852224' on page 11 undefined on input line 12.


LaTeX Warning: Reference `eq:Multiplication_Noise' on page 11 undefined on input line 14.


LaTeX Warning: Reference `eq:Multiplication_Noise' on page 11 undefined on input line 19.


LaTeX Warning: Reference `fg:Multiplication_Noise' on page 11 undefined on input line 19.


LaTeX Warning: Reference `fg:Multiplication_Noise' on page 11 undefined on input line 20.


LaTeX Warning: Reference `eq_TimingResolution' on page 11 undefined on input line 26.

File: fig/ch3/Multiplication_Noise.jpg Graphic file (type bmp)
<fig/ch3/Multiplication_Noise.jpg>

LaTeX Warning: Citation `1363388845924852224' on page 11 undefined on input line 33.


LaTeX Warning: Citation `1363388845924852224' on page 11 undefined on input line 33.

) (./Chapter3/TresovsVoltage.tex

LaTeX Warning: Citation `Kita_Master' on page 11 undefined on input line 2.


LaTeX Warning: Reference `fg:Kita_JittervsVoltage' on page 11 undefined on input line 3.

File: fig/ch1/Kita_JittervsVoltage.png Graphic file (type bmp)
<fig/ch1/Kita_JittervsVoltage.png>

LaTeX Warning: Citation `Kita_Master' on page 11 undefined on input line 15.


LaTeX Warning: Citation `Kita_Master' on page 11 undefined on input line 15.

[11]) [12]
第3章
(./Chapter4/Sample.tex

LaTeX Warning: Reference `fg:LGAD_surface' on page 13 undefined on input line 4.


LaTeX Warning: Reference `fg:APD' on page 13 undefined on input line 10.


LaTeX Warning: Reference `fg:PIN' on page 13 undefined on input line 10.

File: fig/ch4/LGAD_surface.jpg Graphic file (type bmp)
<fig/ch4/LGAD_surface.jpg>
File: fig/ch4/APD.png Graphic file (type bmp)
<fig/ch4/APD.png>
File: fig/ch4/PIN.png Graphic file (type bmp)
<fig/ch4/PIN.png>

LaTeX Warning: Reference `fg:APD' on page 13 undefined on input line 36.


LaTeX Warning: Reference `fg:PIN' on page 13 undefined on input line 36.


LaTeX Warning: Reference `fg:front' on page 13 undefined on input line 43.


LaTeX Warning: Reference `fg:back' on page 13 undefined on input line 43.

[13

]
File: fig/ch4/PIN_front.jpeg Graphic file (type bmp)
<fig/ch4/PIN_front.jpeg>
File: fig/ch4/APD_front.jpeg Graphic file (type bmp)
<fig/ch4/APD_front.jpeg>

Overfull \hbox (2.22221pt too wide) in paragraph at lines 47--59
[][] [] 
 []

File: fig/ch4/PIN_back.jpg Graphic file (type bmp)
<fig/ch4/PIN_back.jpg>
File: fig/ch4/APD_back.jpg Graphic file (type bmp)
<fig/ch4/APD_back.jpg>

Overfull \hbox (2.22221pt too wide) in paragraph at lines 64--76
[][] [] 
 []

) (./Chapter4/way_measurement.tex

LaTeX Warning: Reference `fg:Laser' on page 14 undefined on input line 3.


LaTeX Warning: Citation `KATANA10' on page 14 undefined on input line 4.


LaTeX Warning: Reference `tab:Laser_performance' on page 14 undefined on input line 4.

File: fig/ch4/Laser.jpg Graphic file (type bmp)
<fig/ch4/Laser.jpg>

Overfull \hbox (13.55304pt too wide) in paragraph at lines 30--42
 [][] 
 []

[14]

LaTeX Warning: Reference `fg:Ampboard' on page 15 undefined on input line 47.


LaTeX Warning: Reference `fg:Amp_LGAD' on page 15 undefined on input line 48.


LaTeX Warning: Reference `fg:Amp_side' on page 15 undefined on input line 53.


LaTeX Warning: Reference `fg:Amp_side' on page 15 undefined on input line 55.

File: fig/ch4/Ampboard.jpeg Graphic file (type bmp)
<fig/ch4/Ampboard.jpeg>
File: fig/ch4/Amp_LGAD.jpg Graphic file (type bmp)
<fig/ch4/Amp_LGAD.jpg>

Overfull \hbox (2.22221pt too wide) in paragraph at lines 60--72
[][] [] 
 []


LaTeX Warning: `h' float specifier changed to `ht'.

File: fig/ch4/Amp_side.png Graphic file (type bmp)
<fig/ch4/Amp_side.png>

LaTeX Warning: `h' float specifier changed to `ht'.


LaTeX Warning: Reference `fg:Laser_setup' on page 15 undefined on input line 83.

File: fig/ch4/Laser_setup.jpg Graphic file (type bmp)
<fig/ch4/Laser_setup.jpg>

LaTeX Warning: `h' float specifier changed to `ht'.


LaTeX Warning: Reference `fg:LasertoAmp' on page 15 undefined on input line 103.

[15]

LaTeX Warning: Reference `fg:Focus' on page 16 undefined on input line 106.

File: fig/ch4/LasertoAmp.jpg Graphic file (